  adaptmap.c
  affine.c
  affinecompose.c
  arrayaccess.c
  bardecode.c
  baseline.c
  bbuffer.c
  bilateral.c
  bilinear.c
  binarize.c
  binexpand.c
  binreduce.c
  blend.c
  bmf.c
  bmpio.c
  bmpiostub.c
  boxbasic.c
  boxfunc1.c
  boxfunc2.c
  boxfunc3.c
  코드를 생성하고 있습니다...
  컴파일하고 있습니다...
  boxfunc4.c
  bytearray.c
  ccbord.c
  ccthin.c
  classapp.c
  colorcontent.c
  coloring.c
  colormap.c
  colormorph.c
  colorquant1.c
  colorquant2.c
  colorseg.c
  colorspace.c
  compare.c
  conncomp.c
  convertfiles.c
  convolve.c
  convolvelow.c
  correlscore.c
  dewarp1.c
  코드를 생성하고 있습니다...
  컴파일하고 있습니다...
  dewarp2.c
  dewarp3.c
  dewarp4.c
  dnabasic.c
  dwacomb.2.c
  dwacomblow.2.c
  edge.c
  endiantest.c
  enhance.c
  fhmtauto.c
  fhmtgen.1.c
  fhmtgenlow.1.c
  finditalic.c
  flipdetect.c
  fliphmtgen.c
  fmorphauto.c
  fmorphgen.1.c
  fmorphgenlow.1.c
  fpix1.c
  fpix2.c
  코드를 생성하고 있습니다...
  컴파일하고 있습니다...
  gifio.c
  gifiostub.c
  gplot.c
  graphics.c
  graymorph.c
  graymorphlow.c
  grayquant.c
  grayquantlow.c
  heap.c
  jbclass.c
  jp2kheader.c
  jp2kheaderstub.c
  jp2kio.c
  jp2kiostub.c
  jpegio.c
  jpegiostub.c
  kernel.c
  leptwin.c
D:\VS_ws\OpenALPR.git2\OpenALPR\libs\dependencies\liblept\src\leptwin.c(177,52): warning C4334: '<<': 32비트 시프트의 결과가 암시적으로 64비트로 변환됩니다. 64비트 시프트를 사용하시겠습니까?
  libversions.c
D:\VS_ws\OpenALPR.git2\OpenALPR\libs\dependencies\liblept\src\libversions.c(100,10): warning C4101: 'buf' :참조되지 않은 지역 변수입니다.
  list.c
  코드를 생성하고 있습니다...
  컴파일하고 있습니다...
  maze.c
  morph.c
  morphapp.c
  morphdwa.c
  morphseq.c
  numabasic.c
  numafunc1.c
D:\VS_ws\OpenALPR.git2\OpenALPR\libs\dependencies\liblept\src\numafunc1.c(2739,1): warning C4819: 현재 코드 페이지(949)에서 표시할 수 없는 문자가 파일에 들어 있습니다. 데이터가 손실되지 않게 하려면 해당 파일을 유니코드 형식으로 저장하십시오.
  numafunc2.c
  pageseg.c
  paintcmap.c
  parseprotos.c
  partition.c
  pdfio1.c
  pdfio1stub.c
  pdfio2.c
  pdfio2stub.c
  pix1.c
  pix2.c
  pix3.c
  pix4.c
  코드를 생성하고 있습니다...
  컴파일하고 있습니다...
  pix5.c
  pixabasic.c
  pixacc.c
  pixafunc1.c
  pixafunc2.c
  pixalloc.c
D:\VS_ws\OpenALPR.git2\OpenALPR\libs\dependencies\liblept\src\pixalloc.c(205,39): warning C4334: '<<': 32비트 시프트의 결과가 암시적으로 64비트로 변환됩니다. 64비트 시프트를 사용하시겠습니까?
  pixarith.c
  pixcomp.c
  pixconv.c
  pixlabel.c
  pixtiling.c
  pngio.c
  pngiostub.c
  pnmio.c
  pnmiostub.c
  projective.c
  psio1.c
  psio1stub.c
  psio2.c
  psio2stub.c
  코드를 생성하고 있습니다...
  컴파일하고 있습니다...
  ptabasic.c
  ptafunc1.c
  ptra.c
  quadtree.c
  queue.c
  rank.c
  readbarcode.c
  readfile.c
  recogbasic.c
  recogdid.c
  recogident.c
  recogtrain.c
  regutils.c
  rop.c
  ropiplow.c
  roplow.c
  rotate.c
  rotateam.c
  rotateamlow.c
  rotateorth.c
  코드를 생성하고 있습니다...
  컴파일하고 있습니다...
  rotateshear.c
  runlength.c
  sarray.c
  scale.c
  scalelow.c
  seedfill.c
  seedfilllow.c
  sel1.c
  sel2.c
  selgen.c
  shear.c
  skew.c
  spixio.c
  stack.c
  sudoku.c
  textops.c
  tiffio.c
  tiffiostub.c
  utils.c
  viewfiles.c
  코드를 생성하고 있습니다...
  컴파일하고 있습니다...
  warper.c
  watershed.c
  webpio.c
  webpiostub.c
  writefile.c
  zlibmem.c
  zlibmemstub.c
  코드를 생성하고 있습니다...
  liblept-static.vcxproj -> D:\VS_ws\OpenALPR.git2\OpenALPR\x64\Debug\liblept-static.lib
