  adaptions.cpp
  imagedata.cpp
  adaptive.cpp
  adaptmatch.cpp
  openclwrapper.cpp
  alignedblob.cpp
  altlist.cpp
  ambigs.cpp
  applybox.cpp
  associate.cpp
  baseapi.cpp
D:\VS_ws\OpenALPR-web.git\OpenALPR\OpenALPR\libs\dependencies\tesseract\api\renderer.h(186,27): warning C4251: 'tesseract::TessPDFRenderer::offsets_': class 'GenericVector<long>'에서는 class 'tesseract::TessPDFRenderer'의 클라이언트에서 DLL 인터페이스를 사용하도록 지정해야 합니다.
D:\VS_ws\OpenALPR-web.git\OpenALPR\OpenALPR\libs\dependencies\tesseract\api\renderer.h(186): message : 'GenericVector<long>' 선언을 참조하십시오.
D:\VS_ws\OpenALPR-web.git\OpenALPR\OpenALPR\libs\dependencies\tesseract\api\renderer.h(187,27): warning C4251: 'tesseract::TessPDFRenderer::pages_': class 'GenericVector<long>'에서는 class 'tesseract::TessPDFRenderer'의 클라이언트에서 DLL 인터페이스를 사용하도록 지정해야 합니다.
D:\VS_ws\OpenALPR-web.git\OpenALPR\OpenALPR\libs\dependencies\tesseract\api\renderer.h(186): message : 'GenericVector<long>' 선언을 참조하십시오.
  pdfrenderer.cpp
D:\VS_ws\OpenALPR-web.git\OpenALPR\OpenALPR\libs\dependencies\tesseract\api\renderer.h(186,27): warning C4251: 'tesseract::TessPDFRenderer::offsets_': class 'GenericVector<long>'에서는 class 'tesseract::TessPDFRenderer'의 클라이언트에서 DLL 인터페이스를 사용하도록 지정해야 합니다.
D:\VS_ws\OpenALPR-web.git\OpenALPR\OpenALPR\libs\dependencies\tesseract\api\renderer.h(186): message : 'GenericVector<long>' 선언을 참조하십시오.
D:\VS_ws\OpenALPR-web.git\OpenALPR\OpenALPR\libs\dependencies\tesseract\api\renderer.h(187,27): warning C4251: 'tesseract::TessPDFRenderer::pages_': class 'GenericVector<long>'에서는 class 'tesseract::TessPDFRenderer'의 클라이언트에서 DLL 인터페이스를 사용하도록 지정해야 합니다.
D:\VS_ws\OpenALPR-web.git\OpenALPR\OpenALPR\libs\dependencies\tesseract\api\renderer.h(186): message : 'GenericVector<long>' 선언을 참조하십시오.
D:\VS_ws\OpenALPR-web.git\OpenALPR\OpenALPR\libs\dependencies\tesseract\api\pdfrenderer.cpp(532,1): warning C4477: '_snprintf_s' : 서식 문자열 '%ld'에 'long' 형식의 인수가 필요하지만 variadic 인수 1의 형식이 'size_t'입니다.
D:\VS_ws\OpenALPR-web.git\OpenALPR\OpenALPR\libs\dependencies\tesseract\api\pdfrenderer.cpp(532,1): message : 서식 문자열에서 '%zd'을(를) 사용하는 것이 좋습니다.
  basedir.cpp
  bbgrid.cpp
  beam_search.cpp
  bits16.cpp
  bitvec.cpp
  bitvector.cpp
  blkocc.cpp
  blobbox.cpp
  컴파일하고 있습니다...
  blobclass.cpp
  blobgrid.cpp
  blobs.cpp
  blread.cpp
  bmp_8.cpp
  boxread.cpp
  boxword.cpp
  cached_file.cpp
  callcpp.cpp
  capi.cpp
D:\VS_ws\OpenALPR-web.git\OpenALPR\OpenALPR\libs\dependencies\tesseract\api\renderer.h(186,27): warning C4251: 'tesseract::TessPDFRenderer::offsets_': class 'GenericVector<long>'에서는 class 'tesseract::TessPDFRenderer'의 클라이언트에서 DLL 인터페이스를 사용하도록 지정해야 합니다.
D:\VS_ws\OpenALPR-web.git\OpenALPR\OpenALPR\libs\dependencies\tesseract\api\renderer.h(186): message : 'GenericVector<long>' 선언을 참조하십시오.
D:\VS_ws\OpenALPR-web.git\OpenALPR\OpenALPR\libs\dependencies\tesseract\api\renderer.h(187,27): warning C4251: 'tesseract::TessPDFRenderer::pages_': class 'GenericVector<long>'에서는 class 'tesseract::TessPDFRenderer'의 클라이언트에서 DLL 인터페이스를 사용하도록 지정해야 합니다.
D:\VS_ws\OpenALPR-web.git\OpenALPR\OpenALPR\libs\dependencies\tesseract\api\renderer.h(186): message : 'GenericVector<long>' 선언을 참조하십시오.
  ccnontextdetect.cpp
  ccstruct.cpp
  ccutil.cpp
  char_altlist.cpp
  char_bigrams.cpp
  char_samp.cpp
  char_samp_enum.cpp
  char_samp_set.cpp
  char_set.cpp
  chop.cpp
  컴파일하고 있습니다...
  chopper.cpp
  cjkpitch.cpp
  classifier_factory.cpp
  classify.cpp
  clst.cpp
  cluster.cpp
  clusttool.cpp
  colfind.cpp
  colpartition.cpp
  colpartitiongrid.cpp
  colpartitionset.cpp
  con_comp.cpp
  context.cpp
  control.cpp
  conv_net_classifier.cpp
  coutln.cpp
  cube_control.cpp
  cube_line_object.cpp
  cube_line_segmenter.cpp
  cube_object.cpp
  컴파일하고 있습니다...
  cube_reco_context.cpp
  cube_search_object.cpp
  cube_tuning_params.cpp
  cube_utils.cpp
  cubeclassifier.cpp
  cutil.cpp
  cutil_class.cpp
  cutoffs.cpp
  danerror.cpp
  dawg.cpp
  detlinefit.cpp
  devanagari_processing.cpp
  dict.cpp
  docqual.cpp
  dppoint.cpp
  drawedg.cpp
  drawfx.cpp
  drawtord.cpp
  edgblob.cpp
  edgloop.cpp
  컴파일하고 있습니다...
  efio.cpp
  elst.cpp
  elst2.cpp
  emalloc.cpp
  equationdetect.cpp
  equationdetectbase.cpp
  errcode.cpp
  errorcounter.cpp
  featdefs.cpp
  feature_bmp.cpp
  feature_chebyshev.cpp
  feature_hybrid.cpp
  findseam.cpp
  fixspace.cpp
  fixxht.cpp
  float2int.cpp
  fontinfo.cpp
  fpchop.cpp
  fpoint.cpp
  freelist.cpp
  컴파일하고 있습니다...
  gap_map.cpp
  genblob.cpp
  gettimeofday.cpp
  globaloc.cpp
  gradechop.cpp
  hybrid_neural_net_classifier.cpp
  hyphen.cpp
  imagefind.cpp
  indexmapbidi.cpp
  input_file_buffer.cpp
  intfeaturedist.cpp
  intfeaturemap.cpp
  intfeaturespace.cpp
  intfx.cpp
  intmatcher.cpp
  intproto.cpp
  kdtree.cpp
  language_model.cpp
  linefind.cpp
  linlsq.cpp
D:\VS_ws\OpenALPR-web.git\OpenALPR\OpenALPR\libs\dependencies\tesseract\ccstruct\linlsq.cpp(1,1): warning C4819: 현재 코드 페이지(949)에서 표시할 수 없는 문자가 파일에 들어 있습니다. 데이터가 손실되지 않게 하려면 해당 파일을 유니코드 형식으로 저장하십시오.
  컴파일하고 있습니다...
  listio.cpp
  ltrresultiterator.cpp
  mainblk.cpp
  makerow.cpp
  mastertrainer.cpp
  matrix.cpp
  memry.cpp
  mf.cpp
  mfdefs.cpp
  mfoutline.cpp
  mfx.cpp
  mod128.cpp
  neural_net.cpp
  neuron.cpp
  normalis.cpp
  normfeat.cpp
  normmatch.cpp
  ocrblock.cpp
  ocrfeatures.cpp
  ocrpara.cpp
  컴파일하고 있습니다...
  ocrrow.cpp
  oldbasel.cpp
  oldlist.cpp
  osdetect.cpp
  otsuthr.cpp
  outfeat.cpp
  outlines.cpp
  output.cpp
  pageiterator.cpp
  pageres.cpp
  pagesegmain.cpp
  pagewalk.cpp
  paragraphs.cpp
D:\VS_ws\OpenALPR-web.git\OpenALPR\OpenALPR\libs\dependencies\tesseract\ccmain\paragraphs.cpp(45,52): warning C4312: 'reinterpret_cast': 'unsigned int'에서 더 큰 'ParagraphModel *'(으)로의 변환입니다.
D:\VS_ws\OpenALPR-web.git\OpenALPR\OpenALPR\libs\dependencies\tesseract\ccmain\paragraphs.cpp(47,52): warning C4312: 'reinterpret_cast': 'unsigned int'에서 더 큰 'ParagraphModel *'(으)로의 변환입니다.
  params.cpp
  par_control.cpp
  paramsd.cpp
  pdblock.cpp
  permdawg.cpp
  pgedit.cpp
  picofeat.cpp
  컴파일하고 있습니다...
  pieces.cpp
  pithsync.cpp
  pitsync1.cpp
  plotedges.cpp
  points.cpp
  polyaprx.cpp
  polyblk.cpp
  protos.cpp
  publictypes.cpp
  quadlsq.cpp
  quspline.cpp
  ratngs.cpp
  recogtraining.cpp
  rect.cpp
  rejctmap.cpp
  reject.cpp
  render.cpp
  resultiterator.cpp
  sampleiterator.cpp
  scanedg.cpp
  컴파일하고 있습니다...
  scrollview.cpp
  seam.cpp
  search_column.cpp
  search_node.cpp
  segsearch.cpp
  serialis.cpp
  shapetable.cpp
  sigmoid_table.cpp
  sortflts.cpp
  split.cpp
  statistc.cpp
  stepblob.cpp
  stopper.cpp
  strngs.cpp
  strokewidth.cpp
  strtok_r.cpp
  structures.cpp
  svmnode.cpp
  svpaint.cpp
  svutil.cpp
  컴파일하고 있습니다...
  tabfind.cpp
  tablefind.cpp
  tablerecog.cpp
  tabvector.cpp
  tess_lang_mod_edge.cpp
  tess_lang_model.cpp
  tessbox.cpp
  tessclassifier.cpp
  tessdatamanager.cpp
  tessedit.cpp
  tesseract_cube_combiner.cpp
  tesseractclass.cpp
  tessvars.cpp
  textlineprojection.cpp
  textord.cpp
  tface.cpp
  tfacepp.cpp
  thresholder.cpp
  topitch.cpp
  tordmain.cpp
  컴파일하고 있습니다...
  tospace.cpp
  tovars.cpp
  tprintf.cpp
  trainingsample.cpp
  trainingsampleset.cpp
  trie.cpp
  underlin.cpp
  unichar.cpp
  unicharmap.cpp
  unicharset.cpp
  unicodes.cpp
  vecfuncs.cpp
  werd.cpp
  werdit.cpp
  word_altlist.cpp
  word_list_lang_model.cpp
  word_size_model.cpp
  word_unigrams.cpp
  wordclass.cpp
  wordrec.cpp
  컴파일하고 있습니다...
  wordseg.cpp
  workingpartset.cpp
  renderer.cpp
D:\VS_ws\OpenALPR-web.git\OpenALPR\OpenALPR\libs\dependencies\tesseract\api\renderer.h(186,27): warning C4251: 'tesseract::TessPDFRenderer::offsets_': class 'GenericVector<long>'에서는 class 'tesseract::TessPDFRenderer'의 클라이언트에서 DLL 인터페이스를 사용하도록 지정해야 합니다.
D:\VS_ws\OpenALPR-web.git\OpenALPR\OpenALPR\libs\dependencies\tesseract\api\renderer.h(186): message : 'GenericVector<long>' 선언을 참조하십시오.
D:\VS_ws\OpenALPR-web.git\OpenALPR\OpenALPR\libs\dependencies\tesseract\api\renderer.h(187,27): warning C4251: 'tesseract::TessPDFRenderer::pages_': class 'GenericVector<long>'에서는 class 'tesseract::TessPDFRenderer'의 클라이언트에서 DLL 인터페이스를 사용하도록 지정해야 합니다.
D:\VS_ws\OpenALPR-web.git\OpenALPR\OpenALPR\libs\dependencies\tesseract\api\renderer.h(186): message : 'GenericVector<long>' 선언을 참조하십시오.
  superscript.cpp
  blamer.cpp
  params_training_featdef.cpp
  scanutils.cpp
D:\VS_ws\OpenALPR-web.git\OpenALPR\OpenALPR\libs\dependencies\tesseract\ccutil\scanutils.cpp(144,18): warning C4146: 단항 빼기 연산자가 부호 없는 형식에 적용되었습니다. 결과는 역시 unsigned입니다.
  universalambigs.cpp
  shapeclassifier.cpp
  dawg_cache.cpp
  baselinedetect.cpp
  lm_consistency.cpp
  lm_pain_points.cpp
  lm_state.cpp
  params_model.cpp
     D:\VS_ws\OpenALPR-web.git\OpenALPR\OpenALPR\x64\Release\libtesseract-DLL.lib 라이브러리 및 D:\VS_ws\OpenALPR-web.git\OpenALPR\OpenALPR\x64\Release\libtesseract-DLL.exp 개체를 생성하고 있습니다.
  코드를 생성하고 있습니다.
  10081 of 10103 functions (99.8%) were compiled, the rest were copied from previous compilation.
    1959 functions were new in current compilation
    2 functions had inline decision re-evaluated but remain unchanged
  코드를 생성했습니다.
  libtesseract-DLL.vcxproj -> D:\VS_ws\OpenALPR-web.git\OpenALPR\OpenALPR\x64\Release\libtesseract-DLL.dll
