  NetworkTCP.cpp
C:\Users\admin\Source\Repos\OpenALPR2\plateServer\common\NetworkTCP.cpp(155,27): warning C4244: '=': 'SOCKET'에서 'int'(으)로 변환하면서 데이터가 손실될 수 있습니다.
C:\Users\admin\Source\Repos\OpenALPR2\plateServer\common\NetworkTCP.cpp(306,35): warning C4267: '인수': 'size_t'에서 'int'(으)로 변환하면서 데이터가 손실될 수 있습니다.
C:\Users\admin\Source\Repos\OpenALPR2\plateServer\common\NetworkTCP.cpp(293,10): warning C4101: 'bytes' :참조되지 않은 지역 변수입니다.
C:\Users\admin\Source\Repos\OpenALPR2\plateServer\common\NetworkTCP.cpp(340,36): warning C4267: '인수': 'size_t'에서 'int'(으)로 변환하면서 데이터가 손실될 수 있습니다.
C:\Users\admin\Source\Repos\OpenALPR2\plateServer\common\NetworkTCP.cpp(321,11): warning C4101: 'bytes_written' :참조되지 않은 지역 변수입니다.
C:\Users\admin\Source\Repos\OpenALPR2\plateServer\common\NetworkTCP.cpp(359,21): warning C4244: '인수': 'SOCKET'에서 'int'(으)로 변환하면서 데이터가 손실될 수 있습니다.
C:\Users\admin\Source\Repos\OpenALPR2\plateServer\common\NetworkTCP.cpp(379,12): warning C4477: 'printf' : 서식 문자열 '%x'에 'unsigned int' 형식의 인수가 필요하지만 variadic 인수 1의 형식이 'SOCKET'입니다.
C:\Users\admin\Source\Repos\OpenALPR2\plateServer\common\NetworkTCP.cpp(379,12): message : 서식 문자열에서 '%llx'을(를) 사용하는 것이 좋습니다.
C:\Users\admin\Source\Repos\OpenALPR2\plateServer\common\NetworkTCP.cpp(379,12): message : 서식 문자열에서 '%Ix'을(를) 사용하는 것이 좋습니다.
C:\Users\admin\Source\Repos\OpenALPR2\plateServer\common\NetworkTCP.cpp(379,12): message : 서식 문자열에서 '%I64x'을(를) 사용하는 것이 좋습니다.
  ConfigParser.cpp
  logger.cpp
  server.cpp
C:\Users\admin\Source\Repos\OpenALPR2\plateServer\server\server.cpp(177,24): warning C4267: '초기화 중': 'size_t'에서 'int'(으)로 변환하면서 데이터가 손실될 수 있습니다.
C:\Users\admin\Source\Repos\OpenALPR2\plateServer\server\server.cpp(178,24): warning C4267: '초기화 중': 'size_t'에서 'int'(으)로 변환하면서 데이터가 손실될 수 있습니다.
  코드를 생성하고 있습니다.
  Previous IPDB not found, fall back to full compilation.
  All 662 functions were compiled because no usable IPDB/IOBJ from previous compilation was found.
  코드를 생성했습니다.
  server.vcxproj -> C:\Users\admin\Source\Repos\OpenALPR2\plateServer\x64\Release\server.exe
