  NetworkTCP.cpp
D:\VS_ws\OpenALPR-web.git\OpenALPR\OpenALPR\common\NetworkTCP.cpp(155,27): warning C4244: '=': 'SOCKET'에서 'int'(으)로 변환하면서 데이터가 손실될 수 있습니다.
D:\VS_ws\OpenALPR-web.git\OpenALPR\OpenALPR\common\NetworkTCP.cpp(306,35): warning C4267: '인수': 'size_t'에서 'int'(으)로 변환하면서 데이터가 손실될 수 있습니다.
D:\VS_ws\OpenALPR-web.git\OpenALPR\OpenALPR\common\NetworkTCP.cpp(293,10): warning C4101: 'bytes' :참조되지 않은 지역 변수입니다.
D:\VS_ws\OpenALPR-web.git\OpenALPR\OpenALPR\common\NetworkTCP.cpp(340,36): warning C4267: '인수': 'size_t'에서 'int'(으)로 변환하면서 데이터가 손실될 수 있습니다.
D:\VS_ws\OpenALPR-web.git\OpenALPR\OpenALPR\common\NetworkTCP.cpp(321,11): warning C4101: 'bytes_written' :참조되지 않은 지역 변수입니다.
D:\VS_ws\OpenALPR-web.git\OpenALPR\OpenALPR\common\NetworkTCP.cpp(359,21): warning C4244: '인수': 'SOCKET'에서 'int'(으)로 변환하면서 데이터가 손실될 수 있습니다.
D:\VS_ws\OpenALPR-web.git\OpenALPR\OpenALPR\common\NetworkTCP.cpp(379,12): warning C4477: 'printf' : 서식 문자열 '%x'에 'unsigned int' 형식의 인수가 필요하지만 variadic 인수 1의 형식이 'SOCKET'입니다.
D:\VS_ws\OpenALPR-web.git\OpenALPR\OpenALPR\common\NetworkTCP.cpp(379,12): message : 서식 문자열에서 '%llx'을(를) 사용하는 것이 좋습니다.
D:\VS_ws\OpenALPR-web.git\OpenALPR\OpenALPR\common\NetworkTCP.cpp(379,12): message : 서식 문자열에서 '%Ix'을(를) 사용하는 것이 좋습니다.
D:\VS_ws\OpenALPR-web.git\OpenALPR\OpenALPR\common\NetworkTCP.cpp(379,12): message : 서식 문자열에서 '%I64x'을(를) 사용하는 것이 좋습니다.
  lgdemo.cpp
D:\VS_ws\OpenALPR-web.git\OpenALPR\OpenALPR\lgdemo\lgdemo.cpp(112,37): warning C4244: '인수': 'SOCKET'에서 'int'(으)로 변환하면서 데이터가 손실될 수 있습니다.
D:\VS_ws\OpenALPR-web.git\OpenALPR\OpenALPR\lgdemo\lgdemo.cpp(121,12): warning C4477: 'printf' : 서식 문자열 '%x'에 'unsigned int' 형식의 인수가 필요하지만 variadic 인수 1의 형식이 'SOCKET'입니다.
D:\VS_ws\OpenALPR-web.git\OpenALPR\OpenALPR\lgdemo\lgdemo.cpp(121,12): message : 서식 문자열에서 '%llx'을(를) 사용하는 것이 좋습니다.
D:\VS_ws\OpenALPR-web.git\OpenALPR\OpenALPR\lgdemo\lgdemo.cpp(121,12): message : 서식 문자열에서 '%Ix'을(를) 사용하는 것이 좋습니다.
D:\VS_ws\OpenALPR-web.git\OpenALPR\OpenALPR\lgdemo\lgdemo.cpp(121,12): message : 서식 문자열에서 '%I64x'을(를) 사용하는 것이 좋습니다.
D:\VS_ws\OpenALPR-web.git\OpenALPR\OpenALPR\lgdemo\lgdemo.cpp(89,9): warning C4101: 'res' :참조되지 않은 지역 변수입니다.
D:\VS_ws\OpenALPR-web.git\OpenALPR\OpenALPR\lgdemo\lgdemo.cpp(641,43): warning C4244: '=': 'ssize_t'에서 'int'(으)로 변환하면서 데이터가 손실될 수 있습니다.
D:\VS_ws\OpenALPR-web.git\OpenALPR\OpenALPR\lgdemo\lgdemo.cpp(645,29): warning C4244: '=': 'ssize_t'에서 'int'(으)로 변환하면서 데이터가 손실될 수 있습니다.
     D:\VS_ws\OpenALPR-web.git\OpenALPR\OpenALPR\x64\Release\lgdemo.lib 라이브러리 및 D:\VS_ws\OpenALPR-web.git\OpenALPR\OpenALPR\x64\Release\lgdemo.exp 개체를 생성하고 있습니다.
  코드를 생성하고 있습니다.
D:\VS_ws\OpenALPR-web.git\OpenALPR\OpenALPR\libs\libopenalpr\support\re2\util\logging.h(88): warning C4722: 'LogMessageFatal::~LogMessageFatal': 소멸자가 반환하지 않습니다. 메모리 누수가 발생할 수 있습니다.
  15824 of 15890 functions (99.6%) were compiled, the rest were copied from previous compilation.
    1927 functions were new in current compilation
    2 functions had inline decision re-evaluated but remain unchanged
  코드를 생성했습니다.
  lgdemo.vcxproj -> D:\VS_ws\OpenALPR-web.git\OpenALPR\OpenALPR\x64\Release\lgdemo.exe
